# JRE version: OpenJDK Runtime Environment 18.9 (11.0.11+9) (build 11.0.11+9)
# Java VM: OpenJDK 64-Bit Server VM 18.9 (11.0.11+9, mixed mode, tiered, compressed oops, g1 gc, windows-amd64)
Heap:
 garbage-first heap   total 413696K, used 131278K [0x0000000740000000, 0x0000000800000000)
  region size 1024K, 11 young (11264K), 1 survivors (1024K)
 Metaspace       used 110255K, capacity 113277K, committed 113448K, reserved 1146880K
  class space    used 14805K, capacity 16160K, committed 16172K, reserved 1048576K
GC Heap History (20 events):
Event: 1053.684 GC heap before
{Heap before GC invocations=407 (full 223):
 garbage-first heap   total 413696K, used 191665K [0x0000000740000000, 0x0000000800000000)
  region size 1024K, 60 young (61440K), 2 survivors (2048K)
 Metaspace       used 109032K, capacity 112040K, committed 112296K, reserved 1144832K
  class space    used 14697K, capacity 16025K, committed 16044K, reserved 1048576K
}
Event: 1053.689 GC heap after
{Heap after GC invocations=408 (full 223):
 garbage-first heap   total 413696K, used 132285K [0x0000000740000000, 0x0000000800000000)
  region size 1024K, 2 young (2048K), 2 survivors (2048K)
 Metaspace       used 109032K, capacity 112040K, committed 112296K, reserved 1144832K
  class space    used 14697K, capacity 16025K, committed 16044K, reserved 1048576K
}
Event: 1087.266 GC heap before
{Heap before GC invocations=408 (full 223):
 garbage-first heap   total 413696K, used 191677K [0x0000000740000000, 0x0000000800000000)
  region size 1024K, 60 young (61440K), 2 survivors (2048K)
 Metaspace       used 109076K, capacity 112040K, committed 112296K, reserved 1144832K
  class space    used 14697K, capacity 16025K, committed 16044K, reserved 1048576K
}
Event: 1087.269 GC heap after
{Heap after GC invocations=409 (full 223):
 garbage-first heap   total 413696K, used 132507K [0x0000000740000000, 0x0000000800000000)
  region size 1024K, 2 young (2048K), 2 survivors (2048K)
 Metaspace       used 109076K, capacity 112040K, committed 112296K, reserved 1144832K
  class space    used 14697K, capacity 16025K, committed 16044K, reserved 1048576K
}
Event: 1089.493 GC heap before
{Heap before GC invocations=409 (full 223):
 garbage-first heap   total 413696K, used 191899K [0x0000000740000000, 0x0000000800000000)
  region size 1024K, 60 young (61440K), 2 survivors (2048K)
 Metaspace       used 109089K, capacity 112104K, committed 112296K, reserved 1144832K
  class space    used 14697K, capacity 16025K, committed 16044K, reserved 1048576K
}
Event: 1089.496 GC heap after
{Heap after GC invocations=410 (full 223):
 garbage-first heap   total 413696K, used 132668K [0x0000000740000000, 0x0000000800000000)
  region size 1024K, 2 young (2048K), 2 survivors (2048K)
 Metaspace       used 109089K, capacity 112104K, committed 112296K, reserved 1144832K
  class space    used 14697K, capacity 16025K, committed 16044K, reserved 1048576K
}
Event: 1090.455 GC heap before
{Heap before GC invocations=410 (full 223):
 garbage-first heap   total 413696K, used 192060K [0x0000000740000000, 0x0000000800000000)
  region size 1024K, 60 young (61440K), 2 survivors (2048K)
 Metaspace       used 109093K, capacity 112104K, committed 112296K, reserved 1144832K
  class space    used 14697K, capacity 16025K, committed 16044K, reserved 1048576K
}
Event: 1090.456 GC heap after
{Heap after GC invocations=411 (full 223):
 garbage-first heap   total 413696K, used 132605K [0x0000000740000000, 0x0000000800000000)
  region size 1024K, 2 young (2048K), 2 survivors (2048K)
 Metaspace       used 109093K, capacity 112104K, committed 112296K, reserved 1144832K
  class space    used 14697K, capacity 16025K, committed 16044K, reserved 1048576K
}
Event: 1097.315 GC heap before
{Heap before GC invocations=411 (full 223):
 garbage-first heap   total 413696K, used 195069K [0x0000000740000000, 0x0000000800000000)
  region size 1024K, 60 young (61440K), 2 survivors (2048K)
 Metaspace       used 109509K, capacity 112462K, committed 112680K, reserved 1146880K
  class space    used 14739K, capacity 16059K, committed 16172K, reserved 1048576K
}
Event: 1097.318 GC heap after
{Heap after GC invocations=412 (full 223):
 garbage-first heap   total 413696K, used 135922K [0x0000000740000000, 0x0000000800000000)
  region size 1024K, 2 young (2048K), 2 survivors (2048K)
 Metaspace       used 109509K, capacity 112462K, committed 112680K, reserved 1146880K
  class space    used 14739K, capacity 16059K, committed 16172K, reserved 1048576K
}
Event: 1099.087 GC heap before
{Heap before GC invocations=412 (full 223):
 garbage-first heap   total 413696K, used 195314K [0x0000000740000000, 0x0000000800000000)
  region size 1024K, 60 young (61440K), 2 survivors (2048K)
 Metaspace       used 109813K, capacity 112817K, committed 112936K, reserved 1146880K
  class space    used 14768K, capacity 16092K, committed 16172K, reserved 1048576K
}
Event: 1099.089 GC heap after
{Heap after GC invocations=413 (full 223):
 garbage-first heap   total 413696K, used 128831K [0x0000000740000000, 0x0000000800000000)
  region size 1024K, 2 young (2048K), 2 survivors (2048K)
 Metaspace       used 109813K, capacity 112817K, committed 112936K, reserved 1146880K
  class space    used 14768K, capacity 16092K, committed 16172K, reserved 1048576K
}
Event: 1099.810 GC heap before
{Heap before GC invocations=413 (full 223):
 garbage-first heap   total 413696K, used 188223K [0x0000000740000000, 0x0000000800000000)
  region size 1024K, 60 young (61440K), 2 survivors (2048K)
 Metaspace       used 109838K, capacity 112884K, committed 113192K, reserved 1146880K
  class space    used 14769K, capacity 16093K, committed 16172K, reserved 1048576K
}
Event: 1099.813 GC heap after
{Heap after GC invocations=414 (full 223):
 garbage-first heap   total 413696K, used 129053K [0x0000000740000000, 0x0000000800000000)
  region size 1024K, 2 young (2048K), 2 survivors (2048K)
 Metaspace       used 109838K, capacity 112884K, committed 113192K, reserved 1146880K
  class space    used 14769K, capacity 16093K, committed 16172K, reserved 1048576K
}
Event: 1100.287 GC heap before
{Heap before GC invocations=414 (full 223):
 garbage-first heap   total 413696K, used 188445K [0x0000000740000000, 0x0000000800000000)
  region size 1024K, 60 young (61440K), 2 survivors (2048K)
 Metaspace       used 109864K, capacity 112884K, committed 113192K, reserved 1146880K
  class space    used 14769K, capacity 16093K, committed 16172K, reserved 1048576K
}
Event: 1100.290 GC heap after
{Heap after GC invocations=415 (full 223):
 garbage-first heap   total 413696K, used 129145K [0x0000000740000000, 0x0000000800000000)
  region size 1024K, 2 young (2048K), 2 survivors (2048K)
 Metaspace       used 109864K, capacity 112884K, committed 113192K, reserved 1146880K
  class space    used 14769K, capacity 16093K, committed 16172K, reserved 1048576K
}
Event: 1101.997 GC heap before
{Heap before GC invocations=415 (full 223):
 garbage-first heap   total 413696K, used 187513K [0x0000000740000000, 0x0000000800000000)
  region size 1024K, 60 young (61440K), 2 survivors (2048K)
 Metaspace       used 110238K, capacity 113245K, committed 113448K, reserved 1146880K
  class space    used 14797K, capacity 16128K, committed 16172K, reserved 1048576K
}
Event: 1102.062 GC heap after
{Heap after GC invocations=416 (full 224):
 garbage-first heap   total 413696K, used 121322K [0x0000000740000000, 0x0000000800000000)
  region size 1024K, 0 young (0K), 0 survivors (0K)
 Metaspace       used 110238K, capacity 113245K, committed 113448K, reserved 1146880K
  class space    used 14797K, capacity 16128K, committed 16172K, reserved 1048576K
}
Event: 1104.102 GC heap before
{Heap before GC invocations=416 (full 224):
 garbage-first heap   total 413696K, used 182762K [0x0000000740000000, 0x0000000800000000)
  region size 1024K, 60 young (61440K), 0 survivors (0K)
 Metaspace       used 110255K, capacity 113277K, committed 113448K, reserved 1146880K
  class space    used 14805K, capacity 16160K, committed 16172K, reserved 1048576K
}
Event: 1104.105 GC heap after
{Heap after GC invocations=417 (full 224):
 garbage-first heap   total 413696K, used 122062K [0x0000000740000000, 0x0000000800000000)
  region size 1024K, 1 young (1024K), 1 survivors (1024K)
 Metaspace       used 110255K, capacity 113277K, committed 113448K, reserved 1146880K
  class space    used 14805K, capacity 16160K, committed 16172K, reserved 1048576K
}

