# JRE version: OpenJDK Runtime Environment 18.9 (11.0.11+9) (build 11.0.11+9)
# Java VM: OpenJDK 64-Bit Server VM 18.9 (11.0.11+9, mixed mode, tiered, compressed oops, g1 gc, windows-amd64)
Heap:
 garbage-first heap   total 266240K, used 117236K [0x0000000740000000, 0x0000000800000000)
  region size 1024K, 22 young (22528K), 1 survivors (1024K)
 Metaspace       used 106740K, capacity 108468K, committed 112348K, reserved 1146880K
  class space    used 13019K, capacity 13731K, committed 15072K, reserved 1048576K
GC Heap History (20 events):
Event: 6552.897 GC heap before
{Heap before GC invocations=631 (full 206):
 garbage-first heap   total 266240K, used 159243K [0x0000000740000000, 0x0000000800000000)
  region size 1024K, 60 young (61440K), 3 survivors (3072K)
 Metaspace       used 106719K, capacity 108404K, committed 112348K, reserved 1146880K
  class space    used 13019K, capacity 13731K, committed 15072K, reserved 1048576K
}
Event: 6552.901 GC heap after
{Heap after GC invocations=632 (full 206):
 garbage-first heap   total 266240K, used 100930K [0x0000000740000000, 0x0000000800000000)
  region size 1024K, 3 young (3072K), 3 survivors (3072K)
 Metaspace       used 106719K, capacity 108404K, committed 112348K, reserved 1146880K
  class space    used 13019K, capacity 13731K, committed 15072K, reserved 1048576K
}
Event: 6556.767 GC heap before
{Heap before GC invocations=632 (full 206):
 garbage-first heap   total 266240K, used 162370K [0x0000000740000000, 0x0000000800000000)
  region size 1024K, 60 young (61440K), 3 survivors (3072K)
 Metaspace       used 106719K, capacity 108404K, committed 112348K, reserved 1146880K
  class space    used 13019K, capacity 13731K, committed 15072K, reserved 1048576K
}
Event: 6556.770 GC heap after
{Heap after GC invocations=633 (full 206):
 garbage-first heap   total 266240K, used 104240K [0x0000000740000000, 0x0000000800000000)
  region size 1024K, 3 young (3072K), 3 survivors (3072K)
 Metaspace       used 106719K, capacity 108404K, committed 112348K, reserved 1146880K
  class space    used 13019K, capacity 13731K, committed 15072K, reserved 1048576K
}
Event: 6558.490 GC heap before
{Heap before GC invocations=633 (full 206):
 garbage-first heap   total 266240K, used 162608K [0x0000000740000000, 0x0000000800000000)
  region size 1024K, 60 young (61440K), 3 survivors (3072K)
 Metaspace       used 106725K, capacity 108404K, committed 112348K, reserved 1146880K
  class space    used 13019K, capacity 13731K, committed 15072K, reserved 1048576K
}
Event: 6558.494 GC heap after
{Heap after GC invocations=634 (full 206):
 garbage-first heap   total 266240K, used 104646K [0x0000000740000000, 0x0000000800000000)
  region size 1024K, 3 young (3072K), 3 survivors (3072K)
 Metaspace       used 106725K, capacity 108404K, committed 112348K, reserved 1146880K
  class space    used 13019K, capacity 13731K, committed 15072K, reserved 1048576K
}
Event: 6560.338 GC heap before
{Heap before GC invocations=634 (full 206):
 garbage-first heap   total 266240K, used 163014K [0x0000000740000000, 0x0000000800000000)
  region size 1024K, 60 young (61440K), 3 survivors (3072K)
 Metaspace       used 106725K, capacity 108404K, committed 112348K, reserved 1146880K
  class space    used 13019K, capacity 13731K, committed 15072K, reserved 1048576K
}
Event: 6560.343 GC heap after
{Heap after GC invocations=635 (full 206):
 garbage-first heap   total 266240K, used 104600K [0x0000000740000000, 0x0000000800000000)
  region size 1024K, 3 young (3072K), 3 survivors (3072K)
 Metaspace       used 106725K, capacity 108404K, committed 112348K, reserved 1146880K
  class space    used 13019K, capacity 13731K, committed 15072K, reserved 1048576K
}
Event: 6561.439 GC heap before
{Heap before GC invocations=635 (full 206):
 garbage-first heap   total 266240K, used 162968K [0x0000000740000000, 0x0000000800000000)
  region size 1024K, 60 young (61440K), 3 survivors (3072K)
 Metaspace       used 106725K, capacity 108404K, committed 112348K, reserved 1146880K
  class space    used 13019K, capacity 13731K, committed 15072K, reserved 1048576K
}
Event: 6561.442 GC heap after
{Heap after GC invocations=636 (full 206):
 garbage-first heap   total 266240K, used 104550K [0x0000000740000000, 0x0000000800000000)
  region size 1024K, 3 young (3072K), 3 survivors (3072K)
 Metaspace       used 106725K, capacity 108404K, committed 112348K, reserved 1146880K
  class space    used 13019K, capacity 13731K, committed 15072K, reserved 1048576K
}
Event: 6564.703 GC heap before
{Heap before GC invocations=636 (full 206):
 garbage-first heap   total 266240K, used 162918K [0x0000000740000000, 0x0000000800000000)
  region size 1024K, 60 young (61440K), 3 survivors (3072K)
 Metaspace       used 106727K, capacity 108404K, committed 112348K, reserved 1146880K
  class space    used 13019K, capacity 13731K, committed 15072K, reserved 1048576K
}
Event: 6564.706 GC heap after
{Heap after GC invocations=637 (full 206):
 garbage-first heap   total 266240K, used 104662K [0x0000000740000000, 0x0000000800000000)
  region size 1024K, 3 young (3072K), 3 survivors (3072K)
 Metaspace       used 106727K, capacity 108404K, committed 112348K, reserved 1146880K
  class space    used 13019K, capacity 13731K, committed 15072K, reserved 1048576K
}
Event: 6574.617 GC heap before
{Heap before GC invocations=637 (full 206):
 garbage-first heap   total 266240K, used 163030K [0x0000000740000000, 0x0000000800000000)
  region size 1024K, 60 young (61440K), 3 survivors (3072K)
 Metaspace       used 106731K, capacity 108468K, committed 112348K, reserved 1146880K
  class space    used 13019K, capacity 13731K, committed 15072K, reserved 1048576K
}
Event: 6574.619 GC heap after
{Heap after GC invocations=638 (full 206):
 garbage-first heap   total 266240K, used 104330K [0x0000000740000000, 0x0000000800000000)
  region size 1024K, 3 young (3072K), 3 survivors (3072K)
 Metaspace       used 106731K, capacity 108468K, committed 112348K, reserved 1146880K
  class space    used 13019K, capacity 13731K, committed 15072K, reserved 1048576K
}
Event: 6576.197 GC heap before
{Heap before GC invocations=638 (full 206):
 garbage-first heap   total 266240K, used 162698K [0x0000000740000000, 0x0000000800000000)
  region size 1024K, 60 young (61440K), 3 survivors (3072K)
 Metaspace       used 106731K, capacity 108468K, committed 112348K, reserved 1146880K
  class space    used 13019K, capacity 13731K, committed 15072K, reserved 1048576K
}
Event: 6576.201 GC heap after
{Heap after GC invocations=639 (full 206):
 garbage-first heap   total 266240K, used 104309K [0x0000000740000000, 0x0000000800000000)
  region size 1024K, 3 young (3072K), 3 survivors (3072K)
 Metaspace       used 106731K, capacity 108468K, committed 112348K, reserved 1146880K
  class space    used 13019K, capacity 13731K, committed 15072K, reserved 1048576K
}
Event: 6578.698 GC heap before
{Heap before GC invocations=639 (full 206):
 garbage-first heap   total 266240K, used 129909K [0x0000000740000000, 0x0000000800000000)
  region size 1024K, 29 young (29696K), 3 survivors (3072K)
 Metaspace       used 106734K, capacity 108468K, committed 112348K, reserved 1146880K
  class space    used 13019K, capacity 13731K, committed 15072K, reserved 1048576K
}
Event: 6578.758 GC heap after
{Heap after GC invocations=640 (full 207):
 garbage-first heap   total 266240K, used 95891K [0x0000000740000000, 0x0000000800000000)
  region size 1024K, 0 young (0K), 0 survivors (0K)
 Metaspace       used 106734K, capacity 108468K, committed 112348K, reserved 1146880K
  class space    used 13019K, capacity 13731K, committed 15072K, reserved 1048576K
}
Event: 6583.690 GC heap before
{Heap before GC invocations=640 (full 207):
 garbage-first heap   total 266240K, used 157331K [0x0000000740000000, 0x0000000800000000)
  region size 1024K, 60 young (61440K), 0 survivors (0K)
 Metaspace       used 106739K, capacity 108468K, committed 112348K, reserved 1146880K
  class space    used 13019K, capacity 13731K, committed 15072K, reserved 1048576K
}
Event: 6583.693 GC heap after
{Heap after GC invocations=641 (full 207):
 garbage-first heap   total 266240K, used 96756K [0x0000000740000000, 0x0000000800000000)
  region size 1024K, 1 young (1024K), 1 survivors (1024K)
 Metaspace       used 106739K, capacity 108468K, committed 112348K, reserved 1146880K
  class space    used 13019K, capacity 13731K, committed 15072K, reserved 1048576K
}

